# JRE version: OpenJDK Runtime Environment (18.0.2.1+1) (build 18.0.2.1+1-1)
# Java VM: OpenJDK 64-Bit Server VM (18.0.2.1+1-1, mixed mode, sharing, tiered, compressed oops, compressed class ptrs, g1 gc, windows-amd64)
GC Precious Log:
 CardTable entry size: 512
 Card Set container configuration: InlinePtr #cards 4 size 8 Array Of Cards #cards 16 size 48 Howl #buckets 8 coarsen threshold 3686 Howl Bitmap #cards 512 size 80 coarsen threshold 460 Card regions per heap region 1 cards per card region 4096
 CPUs: 8 total, 8 available
 Memory: 8078M
 Large Page Support: Disabled
 NUMA Support: Disabled
 Compressed Oops: Enabled (Zero based)
 Heap Region Size: 2M
 Heap Min Capacity: 8M
 Heap Initial Capacity: 128M
 Heap Max Capacity: 3G
 Pre-touch: Disabled
 Parallel Workers: 8
 Concurrent Workers: 2
 Concurrent Refinement Workers: 8
 Periodic GC: Disabled
Heap:
 garbage-first heap   total 614400K, used 331653K [0x0000000740000000, 0x0000000800000000)
  region size 2048K, 2 young (4096K), 2 survivors (4096K)
 Metaspace       used 68360K, committed 70144K, reserved 1114112K
  class space    used 9576K, committed 10496K, reserved 1048576K
GC Heap History (20 events):
Event: 14.291 GC heap after
{Heap after GC invocations=32 (full 0):
 garbage-first heap   total 294912K, used 55545K [0x0000000740000000, 0x0000000800000000)
  region size 2048K, 3 young (6144K), 3 survivors (6144K)
 Metaspace       used 64075K, committed 65856K, reserved 1114112K
  class space    used 8908K, committed 9792K, reserved 1048576K
}
Event: 15.530 GC heap before
{Heap before GC invocations=32 (full 0):
 garbage-first heap   total 294912K, used 235769K [0x0000000740000000, 0x0000000800000000)
  region size 2048K, 86 young (176128K), 3 survivors (6144K)
 Metaspace       used 68073K, committed 69888K, reserved 1114112K
  class space    used 9542K, committed 10432K, reserved 1048576K
}
Event: 15.563 GC heap after
{Heap after GC invocations=33 (full 0):
 garbage-first heap   total 305152K, used 116186K [0x0000000740000000, 0x0000000800000000)
  region size 2048K, 11 young (22528K), 11 survivors (22528K)
 Metaspace       used 68073K, committed 69888K, reserved 1114112K
  class space    used 9542K, committed 10432K, reserved 1048576K
}
Event: 15.699 GC heap before
{Heap before GC invocations=33 (full 0):
 garbage-first heap   total 305152K, used 196058K [0x0000000740000000, 0x0000000800000000)
  region size 2048K, 50 young (102400K), 11 survivors (22528K)
 Metaspace       used 68176K, committed 69952K, reserved 1114112K
  class space    used 9555K, committed 10432K, reserved 1048576K
}
Event: 15.740 GC heap after
{Heap after GC invocations=34 (full 0):
 garbage-first heap   total 305152K, used 161669K [0x0000000740000000, 0x0000000800000000)
  region size 2048K, 7 young (14336K), 7 survivors (14336K)
 Metaspace       used 68176K, committed 69952K, reserved 1114112K
  class space    used 9555K, committed 10432K, reserved 1048576K
}
Event: 15.901 GC heap before
{Heap before GC invocations=34 (full 0):
 garbage-first heap   total 305152K, used 212869K [0x0000000740000000, 0x0000000800000000)
  region size 2048K, 32 young (65536K), 7 survivors (14336K)
 Metaspace       used 68185K, committed 69952K, reserved 1114112K
  class space    used 9555K, committed 10432K, reserved 1048576K
}
Event: 15.928 GC heap after
{Heap after GC invocations=35 (full 0):
 garbage-first heap   total 534528K, used 190341K [0x0000000740000000, 0x0000000800000000)
  region size 2048K, 4 young (8192K), 4 survivors (8192K)
 Metaspace       used 68185K, committed 69952K, reserved 1114112K
  class space    used 9555K, committed 10432K, reserved 1048576K
}
Event: 16.451 GC heap before
{Heap before GC invocations=35 (full 0):
 garbage-first heap   total 534528K, used 319365K [0x0000000740000000, 0x0000000800000000)
  region size 2048K, 67 young (137216K), 4 survivors (8192K)
 Metaspace       used 68189K, committed 69952K, reserved 1114112K
  class space    used 9555K, committed 10432K, reserved 1048576K
}
Event: 16.490 GC heap after
{Heap after GC invocations=36 (full 0):
 garbage-first heap   total 534528K, used 220713K [0x0000000740000000, 0x0000000800000000)
  region size 2048K, 9 young (18432K), 9 survivors (18432K)
 Metaspace       used 68189K, committed 69952K, reserved 1114112K
  class space    used 9555K, committed 10432K, reserved 1048576K
}
Event: 16.721 GC heap before
{Heap before GC invocations=37 (full 0):
 garbage-first heap   total 534528K, used 347689K [0x0000000740000000, 0x0000000800000000)
  region size 2048K, 71 young (145408K), 9 survivors (18432K)
 Metaspace       used 68189K, committed 69952K, reserved 1114112K
  class space    used 9555K, committed 10432K, reserved 1048576K
}
Event: 16.775 GC heap after
{Heap after GC invocations=38 (full 0):
 garbage-first heap   total 534528K, used 249270K [0x0000000740000000, 0x0000000800000000)
  region size 2048K, 9 young (18432K), 9 survivors (18432K)
 Metaspace       used 68189K, committed 69952K, reserved 1114112K
  class space    used 9555K, committed 10432K, reserved 1048576K
}
Event: 16.800 GC heap before
{Heap before GC invocations=38 (full 0):
 garbage-first heap   total 534528K, used 257462K [0x0000000740000000, 0x0000000800000000)
  region size 2048K, 13 young (26624K), 9 survivors (18432K)
 Metaspace       used 68189K, committed 69952K, reserved 1114112K
  class space    used 9555K, committed 10432K, reserved 1048576K
}
Event: 16.824 GC heap after
{Heap after GC invocations=39 (full 0):
 garbage-first heap   total 534528K, used 254476K [0x0000000740000000, 0x0000000800000000)
  region size 2048K, 2 young (4096K), 2 survivors (4096K)
 Metaspace       used 68189K, committed 69952K, reserved 1114112K
  class space    used 9555K, committed 10432K, reserved 1048576K
}
Event: 17.318 GC heap before
{Heap before GC invocations=39 (full 0):
 garbage-first heap   total 534528K, used 367116K [0x0000000740000000, 0x0000000800000000)
  region size 2048K, 57 young (116736K), 2 survivors (4096K)
 Metaspace       used 68224K, committed 70080K, reserved 1114112K
  class space    used 9562K, committed 10496K, reserved 1048576K
}
Event: 17.360 GC heap after
{Heap after GC invocations=40 (full 0):
 garbage-first heap   total 534528K, used 291217K [0x0000000740000000, 0x0000000800000000)
  region size 2048K, 8 young (16384K), 8 survivors (16384K)
 Metaspace       used 68224K, committed 70080K, reserved 1114112K
  class space    used 9562K, committed 10496K, reserved 1048576K
}
Event: 17.693 GC heap before
{Heap before GC invocations=40 (full 0):
 garbage-first heap   total 614400K, used 381329K [0x0000000740000000, 0x0000000800000000)
  region size 2048K, 55 young (112640K), 8 survivors (16384K)
 Metaspace       used 68306K, committed 70080K, reserved 1114112K
  class space    used 9571K, committed 10496K, reserved 1048576K
}
Event: 17.729 GC heap after
{Heap after GC invocations=41 (full 0):
 garbage-first heap   total 614400K, used 318448K [0x0000000740000000, 0x0000000800000000)
  region size 2048K, 7 young (14336K), 7 survivors (14336K)
 Metaspace       used 68306K, committed 70080K, reserved 1114112K
  class space    used 9571K, committed 10496K, reserved 1048576K
}
Event: 18.014 GC heap before
{Heap before GC invocations=42 (full 0):
 garbage-first heap   total 614400K, used 435184K [0x0000000740000000, 0x0000000800000000)
  region size 2048K, 65 young (133120K), 7 survivors (14336K)
 Metaspace       used 68360K, committed 70144K, reserved 1114112K
  class space    used 9576K, committed 10496K, reserved 1048576K
}
Event: 18.045 GC heap after
{Heap after GC invocations=43 (full 0):
 garbage-first heap   total 614400K, used 358277K [0x0000000740000000, 0x0000000800000000)
  region size 2048K, 9 young (18432K), 9 survivors (18432K)
 Metaspace       used 68360K, committed 70144K, reserved 1114112K
  class space    used 9576K, committed 10496K, reserved 1048576K
}
Event: 18.058 GC heap before
{Heap before GC invocations=43 (full 0):
 garbage-first heap   total 614400K, used 370565K [0x0000000740000000, 0x0000000800000000)
  region size 2048K, 15 young (30720K), 9 survivors (18432K)
 Metaspace       used 68360K, committed 70144K, reserved 1114112K
  class space    used 9576K, committed 10496K, reserved 1048576K
}

